This is pdfTeX, Version 3.14159265-2.6-1.40.20 (MiKTeX 2.9.7230) (preloaded format=pdflatex 2019.11.2)  8 NOV 2019 19:51
entering extended mode
**./wykresik.tex
(wykresik.tex
LaTeX2e <2018-12-01>
(/home/hakiergrzonzo/.miktex/texmfs/install/tex/latex/base/article.cls
Document Class: article 2018/09/03 v1.4i Standard LaTeX document class
(/home/hakiergrzonzo/.miktex/texmfs/install/tex/latex/base/size10.clo
File: size10.clo 2018/09/03 v1.4i Standard LaTeX file (size option)
)
\c@part=\count80
\c@section=\count81
\c@subsection=\count82
\c@subsubsection=\count83
\c@paragraph=\count84
\c@subparagraph=\count85
\c@figure=\count86
\c@table=\count87
\abovecaptionskip=\skip41
\belowcaptionskip=\skip42
\bibindent=\dimen102
)
(/home/hakiergrzonzo/.miktex/texmfs/install/tex/latex/pgf/basiclayer/pgf.sty
(/home/hakiergrzonzo/.miktex/texmfs/install/tex/latex/pgf/utilities/pgfrcs.sty
(/home/hakiergrzonzo/.miktex/texmfs/install/tex/generic/pgf/utilities/pgfutil-c
ommon.tex
\pgfutil@everybye=\toks14
\pgfutil@tempdima=\dimen103
\pgfutil@tempdimb=\dimen104

(/home/hakiergrzonzo/.miktex/texmfs/install/tex/generic/pgf/utilities/pgfutil-c
ommon-lists.tex))
(/home/hakiergrzonzo/.miktex/texmfs/install/tex/generic/pgf/utilities/pgfutil-l
atex.def
\pgfutil@abb=\box27
 (/home/hakiergrzonzo/.miktex/texmfs/install/tex/latex/ms/everyshi.sty
Package: everyshi 2001/05/15 v3.00 EveryShipout Package (MS)
))
(/home/hakiergrzonzo/.miktex/texmfs/install/tex/generic/pgf/utilities/pgfrcs.co
de.tex
(/home/hakiergrzonzo/.miktex/texmfs/install/tex/generic/pgf/pgf.revision.tex)
Package: pgfrcs 2019/08/03 v3.1.4b (3.1.4b)
))
Package: pgf 2019/08/03 v3.1.4b (3.1.4b)

(/home/hakiergrzonzo/.miktex/texmfs/install/tex/latex/pgf/basiclayer/pgfcore.st
y (/home/hakiergrzonzo/.miktex/texmfs/install/tex/latex/graphics/graphicx.sty
Package: graphicx 2017/06/01 v1.1a Enhanced LaTeX Graphics (DPC,SPQR)

(/home/hakiergrzonzo/.miktex/texmfs/install/tex/latex/graphics/keyval.sty
Package: keyval 2014/10/28 v1.15 key=value parser (DPC)
\KV@toks@=\toks15
)
(/home/hakiergrzonzo/.miktex/texmfs/install/tex/latex/graphics/graphics.sty
Package: graphics 2017/06/25 v1.2c Standard LaTeX Graphics (DPC,SPQR)

(/home/hakiergrzonzo/.miktex/texmfs/install/tex/latex/graphics/trig.sty
Package: trig 2016/01/03 v1.10 sin cos tan (DPC)
)
(/home/hakiergrzonzo/.miktex/texmfs/install/tex/latex/graphics-cfg/graphics.cfg
File: graphics.cfg 2016/06/04 v1.11 sample graphics configuration
)
Package graphics Info: Driver file: pdftex.def on input line 99.
 (/home/hakiergrzonzo/.miktex/texmfs/install/tex/latex/graphics-def/pdftex.def
File: pdftex.def 2018/01/08 v1.0l Graphics/color driver for pdftex
))
\Gin@req@height=\dimen105
\Gin@req@width=\dimen106
)
(/home/hakiergrzonzo/.miktex/texmfs/install/tex/latex/pgf/systemlayer/pgfsys.st
y
(/home/hakiergrzonzo/.miktex/texmfs/install/tex/generic/pgf/systemlayer/pgfsys.
code.tex
Package: pgfsys 2019/08/03 v3.1.4b (3.1.4b)

(/home/hakiergrzonzo/.miktex/texmfs/install/tex/generic/pgf/utilities/pgfkeys.c
ode.tex
\pgfkeys@pathtoks=\toks16
\pgfkeys@temptoks=\toks17

(/home/hakiergrzonzo/.miktex/texmfs/install/tex/generic/pgf/utilities/pgfkeysfi
ltered.code.tex
\pgfkeys@tmptoks=\toks18
))
\pgf@x=\dimen107
\pgf@y=\dimen108
\pgf@xa=\dimen109
\pgf@ya=\dimen110
\pgf@xb=\dimen111
\pgf@yb=\dimen112
\pgf@xc=\dimen113
\pgf@yc=\dimen114
\pgf@xd=\dimen115
\pgf@yd=\dimen116
\w@pgf@writea=\write3
\r@pgf@reada=\read1
\c@pgf@counta=\count88
\c@pgf@countb=\count89
\c@pgf@countc=\count90
\c@pgf@countd=\count91
\t@pgf@toka=\toks19
\t@pgf@tokb=\toks20
\t@pgf@tokc=\toks21
\pgf@sys@id@count=\count92

(/home/hakiergrzonzo/.miktex/texmfs/install/tex/generic/pgf/systemlayer/pgf.cfg
File: pgf.cfg 2019/08/03 v3.1.4b (3.1.4b)
)
Driver file for pgf: pgfsys-pdftex.def

(/home/hakiergrzonzo/.miktex/texmfs/install/tex/generic/pgf/systemlayer/pgfsys-
pdftex.def
File: pgfsys-pdftex.def 2019/08/03 v3.1.4b (3.1.4b)

(/home/hakiergrzonzo/.miktex/texmfs/install/tex/generic/pgf/systemlayer/pgfsys-
common-pdf.def
File: pgfsys-common-pdf.def 2019/08/03 v3.1.4b (3.1.4b)
)))
(/home/hakiergrzonzo/.miktex/texmfs/install/tex/generic/pgf/systemlayer/pgfsyss
oftpath.code.tex
File: pgfsyssoftpath.code.tex 2019/08/03 v3.1.4b (3.1.4b)
\pgfsyssoftpath@smallbuffer@items=\count93
\pgfsyssoftpath@bigbuffer@items=\count94
)
(/home/hakiergrzonzo/.miktex/texmfs/install/tex/generic/pgf/systemlayer/pgfsysp
rotocol.code.tex
File: pgfsysprotocol.code.tex 2019/08/03 v3.1.4b (3.1.4b)
))
(/home/hakiergrzonzo/.miktex/texmfs/install/tex/latex/xcolor/xcolor.sty
Package: xcolor 2016/05/11 v2.12 LaTeX color extensions (UK)

(/home/hakiergrzonzo/.miktex/texmfs/install/tex/latex/graphics-cfg/color.cfg
File: color.cfg 2016/01/02 v1.6 sample color configuration
)
Package xcolor Info: Driver file: pdftex.def on input line 225.
Package xcolor Info: Model `cmy' substituted by `cmy0' on input line 1348.
Package xcolor Info: Model `hsb' substituted by `rgb' on input line 1352.
Package xcolor Info: Model `RGB' extended on input line 1364.
Package xcolor Info: Model `HTML' substituted by `rgb' on input line 1366.
Package xcolor Info: Model `Hsb' substituted by `hsb' on input line 1367.
Package xcolor Info: Model `tHsb' substituted by `hsb' on input line 1368.
Package xcolor Info: Model `HSB' substituted by `hsb' on input line 1369.
Package xcolor Info: Model `Gray' substituted by `gray' on input line 1370.
Package xcolor Info: Model `wave' substituted by `hsb' on input line 1371.
)
(/home/hakiergrzonzo/.miktex/texmfs/install/tex/generic/pgf/basiclayer/pgfcore.
code.tex
Package: pgfcore 2019/08/03 v3.1.4b (3.1.4b)

(/home/hakiergrzonzo/.miktex/texmfs/install/tex/generic/pgf/math/pgfmath.code.t
ex
(/home/hakiergrzonzo/.miktex/texmfs/install/tex/generic/pgf/math/pgfmathcalc.co
de.tex
(/home/hakiergrzonzo/.miktex/texmfs/install/tex/generic/pgf/math/pgfmathutil.co
de.tex)
(/home/hakiergrzonzo/.miktex/texmfs/install/tex/generic/pgf/math/pgfmathparser.
code.tex
\pgfmath@dimen=\dimen117
\pgfmath@count=\count95
\pgfmath@box=\box28
\pgfmath@toks=\toks22
\pgfmath@stack@operand=\toks23
\pgfmath@stack@operation=\toks24
)
(/home/hakiergrzonzo/.miktex/texmfs/install/tex/generic/pgf/math/pgfmathfunctio
ns.code.tex
(/home/hakiergrzonzo/.miktex/texmfs/install/tex/generic/pgf/math/pgfmathfunctio
ns.basic.code.tex)
(/home/hakiergrzonzo/.miktex/texmfs/install/tex/generic/pgf/math/pgfmathfunctio
ns.trigonometric.code.tex)
(/home/hakiergrzonzo/.miktex/texmfs/install/tex/generic/pgf/math/pgfmathfunctio
ns.random.code.tex)
(/home/hakiergrzonzo/.miktex/texmfs/install/tex/generic/pgf/math/pgfmathfunctio
ns.comparison.code.tex)
(/home/hakiergrzonzo/.miktex/texmfs/install/tex/generic/pgf/math/pgfmathfunctio
ns.base.code.tex)
(/home/hakiergrzonzo/.miktex/texmfs/install/tex/generic/pgf/math/pgfmathfunctio
ns.round.code.tex)
(/home/hakiergrzonzo/.miktex/texmfs/install/tex/generic/pgf/math/pgfmathfunctio
ns.misc.code.tex)
(/home/hakiergrzonzo/.miktex/texmfs/install/tex/generic/pgf/math/pgfmathfunctio
ns.integerarithmetics.code.tex)))
(/home/hakiergrzonzo/.miktex/texmfs/install/tex/generic/pgf/math/pgfmathfloat.c
ode.tex
\c@pgfmathroundto@lastzeros=\count96
))
(/home/hakiergrzonzo/.miktex/texmfs/install/tex/generic/pgf/math/pgfint.code.te
x)
(/home/hakiergrzonzo/.miktex/texmfs/install/tex/generic/pgf/basiclayer/pgfcorep
oints.code.tex
File: pgfcorepoints.code.tex 2019/08/03 v3.1.4b (3.1.4b)
\pgf@picminx=\dimen118
\pgf@picmaxx=\dimen119
\pgf@picminy=\dimen120
\pgf@picmaxy=\dimen121
\pgf@pathminx=\dimen122
\pgf@pathmaxx=\dimen123
\pgf@pathminy=\dimen124
\pgf@pathmaxy=\dimen125
\pgf@xx=\dimen126
\pgf@xy=\dimen127
\pgf@yx=\dimen128
\pgf@yy=\dimen129
\pgf@zx=\dimen130
\pgf@zy=\dimen131
)
(/home/hakiergrzonzo/.miktex/texmfs/install/tex/generic/pgf/basiclayer/pgfcorep
athconstruct.code.tex
File: pgfcorepathconstruct.code.tex 2019/08/03 v3.1.4b (3.1.4b)
\pgf@path@lastx=\dimen132
\pgf@path@lasty=\dimen133
)
(/home/hakiergrzonzo/.miktex/texmfs/install/tex/generic/pgf/basiclayer/pgfcorep
athusage.code.tex
File: pgfcorepathusage.code.tex 2019/08/03 v3.1.4b (3.1.4b)
\pgf@shorten@end@additional=\dimen134
\pgf@shorten@start@additional=\dimen135
)
(/home/hakiergrzonzo/.miktex/texmfs/install/tex/generic/pgf/basiclayer/pgfcores
copes.code.tex
File: pgfcorescopes.code.tex 2019/08/03 v3.1.4b (3.1.4b)
\pgfpic=\box29
\pgf@hbox=\box30
\pgf@layerbox@main=\box31
\pgf@picture@serial@count=\count97
)
(/home/hakiergrzonzo/.miktex/texmfs/install/tex/generic/pgf/basiclayer/pgfcoreg
raphicstate.code.tex
File: pgfcoregraphicstate.code.tex 2019/08/03 v3.1.4b (3.1.4b)
\pgflinewidth=\dimen136
)
(/home/hakiergrzonzo/.miktex/texmfs/install/tex/generic/pgf/basiclayer/pgfcoret
ransformations.code.tex
File: pgfcoretransformations.code.tex 2019/08/03 v3.1.4b (3.1.4b)
\pgf@pt@x=\dimen137
\pgf@pt@y=\dimen138
\pgf@pt@temp=\dimen139
)
(/home/hakiergrzonzo/.miktex/texmfs/install/tex/generic/pgf/basiclayer/pgfcoreq
uick.code.tex
File: pgfcorequick.code.tex 2019/08/03 v3.1.4b (3.1.4b)
)
(/home/hakiergrzonzo/.miktex/texmfs/install/tex/generic/pgf/basiclayer/pgfcoreo
bjects.code.tex
File: pgfcoreobjects.code.tex 2019/08/03 v3.1.4b (3.1.4b)
)
(/home/hakiergrzonzo/.miktex/texmfs/install/tex/generic/pgf/basiclayer/pgfcorep
athprocessing.code.tex
File: pgfcorepathprocessing.code.tex 2019/08/03 v3.1.4b (3.1.4b)
)
(/home/hakiergrzonzo/.miktex/texmfs/install/tex/generic/pgf/basiclayer/pgfcorea
rrows.code.tex
File: pgfcorearrows.code.tex 2019/08/03 v3.1.4b (3.1.4b)
\pgfarrowsep=\dimen140
)
(/home/hakiergrzonzo/.miktex/texmfs/install/tex/generic/pgf/basiclayer/pgfcores
hade.code.tex
File: pgfcoreshade.code.tex 2019/08/03 v3.1.4b (3.1.4b)
\pgf@max=\dimen141
\pgf@sys@shading@range@num=\count98
\pgf@shadingcount=\count99
)
(/home/hakiergrzonzo/.miktex/texmfs/install/tex/generic/pgf/basiclayer/pgfcorei
mage.code.tex
File: pgfcoreimage.code.tex 2019/08/03 v3.1.4b (3.1.4b)

(/home/hakiergrzonzo/.miktex/texmfs/install/tex/generic/pgf/basiclayer/pgfcoree
xternal.code.tex
File: pgfcoreexternal.code.tex 2019/08/03 v3.1.4b (3.1.4b)
\pgfexternal@startupbox=\box32
))
(/home/hakiergrzonzo/.miktex/texmfs/install/tex/generic/pgf/basiclayer/pgfcorel
ayers.code.tex
File: pgfcorelayers.code.tex 2019/08/03 v3.1.4b (3.1.4b)
)
(/home/hakiergrzonzo/.miktex/texmfs/install/tex/generic/pgf/basiclayer/pgfcoret
ransparency.code.tex
File: pgfcoretransparency.code.tex 2019/08/03 v3.1.4b (3.1.4b)
)
(/home/hakiergrzonzo/.miktex/texmfs/install/tex/generic/pgf/basiclayer/pgfcorep
atterns.code.tex
File: pgfcorepatterns.code.tex 2019/08/03 v3.1.4b (3.1.4b)
)
(/home/hakiergrzonzo/.miktex/texmfs/install/tex/generic/pgf/basiclayer/pgfcorer
df.code.tex
File: pgfcorerdf.code.tex 2019/08/03 v3.1.4b (3.1.4b)
)))
(/home/hakiergrzonzo/.miktex/texmfs/install/tex/generic/pgf/modules/pgfmodulesh
apes.code.tex
File: pgfmoduleshapes.code.tex 2019/08/03 v3.1.4b (3.1.4b)
\pgfnodeparttextbox=\box33
)
(/home/hakiergrzonzo/.miktex/texmfs/install/tex/generic/pgf/modules/pgfmodulepl
ot.code.tex
File: pgfmoduleplot.code.tex 2019/08/03 v3.1.4b (3.1.4b)
)
(/home/hakiergrzonzo/.miktex/texmfs/install/tex/latex/pgf/compatibility/pgfcomp
-version-0-65.sty
Package: pgfcomp-version-0-65 2019/08/03 v3.1.4b (3.1.4b)
\pgf@nodesepstart=\dimen142
\pgf@nodesepend=\dimen143
)
(/home/hakiergrzonzo/.miktex/texmfs/install/tex/latex/pgf/compatibility/pgfcomp
-version-1-18.sty
Package: pgfcomp-version-1-18 2019/08/03 v3.1.4b (3.1.4b)
))
(/home/hakiergrzonzo/.miktex/texmfs/install/tex/latex/pgf/frontendlayer/tikz.st
y
(/home/hakiergrzonzo/.miktex/texmfs/install/tex/latex/pgf/utilities/pgffor.sty
(/home/hakiergrzonzo/.miktex/texmfs/install/tex/latex/pgf/utilities/pgfkeys.sty

(/home/hakiergrzonzo/.miktex/texmfs/install/tex/generic/pgf/utilities/pgfkeys.c
ode.tex))
(/home/hakiergrzonzo/.miktex/texmfs/install/tex/latex/pgf/math/pgfmath.sty
(/home/hakiergrzonzo/.miktex/texmfs/install/tex/generic/pgf/math/pgfmath.code.t
ex))
(/home/hakiergrzonzo/.miktex/texmfs/install/tex/generic/pgf/utilities/pgffor.co
de.tex
Package: pgffor 2019/08/03 v3.1.4b (3.1.4b)

(/home/hakiergrzonzo/.miktex/texmfs/install/tex/generic/pgf/math/pgfmath.code.t
ex)
\pgffor@iter=\dimen144
\pgffor@skip=\dimen145
\pgffor@stack=\toks25
\pgffor@toks=\toks26
))
(/home/hakiergrzonzo/.miktex/texmfs/install/tex/generic/pgf/frontendlayer/tikz/
tikz.code.tex
Package: tikz 2019/08/03 v3.1.4b (3.1.4b)

(/home/hakiergrzonzo/.miktex/texmfs/install/tex/generic/pgf/libraries/pgflibrar
yplothandlers.code.tex
File: pgflibraryplothandlers.code.tex 2019/08/03 v3.1.4b (3.1.4b)
\pgf@plot@mark@count=\count100
\pgfplotmarksize=\dimen146
)
\tikz@lastx=\dimen147
\tikz@lasty=\dimen148
\tikz@lastxsaved=\dimen149
\tikz@lastysaved=\dimen150
\tikz@lastmovetox=\dimen151
\tikz@lastmovetoy=\dimen152
\tikzleveldistance=\dimen153
\tikzsiblingdistance=\dimen154
\tikz@figbox=\box34
\tikz@figbox@bg=\box35
\tikz@tempbox=\box36
\tikz@tempbox@bg=\box37
\tikztreelevel=\count101
\tikznumberofchildren=\count102
\tikznumberofcurrentchild=\count103
\tikz@fig@count=\count104

(/home/hakiergrzonzo/.miktex/texmfs/install/tex/generic/pgf/modules/pgfmodulema
trix.code.tex
File: pgfmodulematrix.code.tex 2019/08/03 v3.1.4b (3.1.4b)
\pgfmatrixcurrentrow=\count105
\pgfmatrixcurrentcolumn=\count106
\pgf@matrix@numberofcolumns=\count107
)
\tikz@expandcount=\count108

(/home/hakiergrzonzo/.miktex/texmfs/install/tex/generic/pgf/frontendlayer/tikz/
libraries/tikzlibrarytopaths.code.tex
File: tikzlibrarytopaths.code.tex 2019/08/03 v3.1.4b (3.1.4b)
)))
(/home/hakiergrzonzo/.miktex/texmfs/install/tex/latex/pgfplots/pgfplots.sty
(/home/hakiergrzonzo/.miktex/texmfs/install/tex/generic/pgfplots/pgfplots.revis
ion.tex)
Package: pgfplots 2018/03/28 v1.16 Data Visualization (1.16)

(/home/hakiergrzonzo/.miktex/texmfs/install/tex/generic/pgfplots/pgfplots.code.
tex
(/home/hakiergrzonzo/.miktex/texmfs/install/tex/generic/pgfplots/pgfplotscore.c
ode.tex
\t@pgfplots@toka=\toks27
\t@pgfplots@tokb=\toks28
\t@pgfplots@tokc=\toks29
\pgfplots@tmpa=\dimen155
\c@pgfplots@coordindex=\count109
\c@pgfplots@scanlineindex=\count110

(/home/hakiergrzonzo/.miktex/texmfs/install/tex/generic/pgfplots/sys/pgfplotssy
sgeneric.code.tex))
(/home/hakiergrzonzo/.miktex/texmfs/install/tex/generic/pgfplots/libs/pgfplotsl
ibrary.code.tex)
(/home/hakiergrzonzo/.miktex/texmfs/install/tex/generic/pgfplots/oldpgfcompatib
/pgfplotsoldpgfsupp_loader.code.tex
(/home/hakiergrzonzo/.miktex/texmfs/install/tex/generic/pgf/libraries/pgflibrar
yfpu.code.tex))
(/home/hakiergrzonzo/.miktex/texmfs/install/tex/generic/pgfplots/util/pgfplotsu
til.code.tex
(/home/hakiergrzonzo/.miktex/texmfs/install/tex/generic/pgfplots/liststructure/
pgfplotsliststructure.code.tex)
(/home/hakiergrzonzo/.miktex/texmfs/install/tex/generic/pgfplots/liststructure/
pgfplotsliststructureext.code.tex)
(/home/hakiergrzonzo/.miktex/texmfs/install/tex/generic/pgfplots/liststructure/
pgfplotsarray.code.tex
\c@pgfplotsarray@tmp=\count111
)
(/home/hakiergrzonzo/.miktex/texmfs/install/tex/generic/pgfplots/liststructure/
pgfplotsmatrix.code.tex)
(/home/hakiergrzonzo/.miktex/texmfs/install/tex/generic/pgfplots/numtable/pgfpl
otstableshared.code.tex
\c@pgfplotstable@counta=\count112
\t@pgfplotstable@a=\toks30
)
(/home/hakiergrzonzo/.miktex/texmfs/install/tex/generic/pgfplots/liststructure/
pgfplotsdeque.code.tex)
(/home/hakiergrzonzo/.miktex/texmfs/install/tex/generic/pgfplots/util/pgfplotsb
inary.code.tex
(/home/hakiergrzonzo/.miktex/texmfs/install/tex/generic/pgfplots/util/pgfplotsb
inary.data.code.tex))
(/home/hakiergrzonzo/.miktex/texmfs/install/tex/generic/pgfplots/util/pgfplotsu
til.verb.code.tex)
(/home/hakiergrzonzo/.miktex/texmfs/install/tex/generic/pgfplots/libs/pgflibrar
ypgfplots.surfshading.code.tex
\c@pgfplotslibrarysurf@no=\count113

(/home/hakiergrzonzo/.miktex/texmfs/install/tex/generic/pgfplots/sys/pgflibrary
pgfplots.surfshading.pgfsys-pdftex.def)))
(/home/hakiergrzonzo/.miktex/texmfs/install/tex/generic/pgfplots/util/pgfplotsc
olormap.code.tex
(/home/hakiergrzonzo/.miktex/texmfs/install/tex/generic/pgfplots/util/pgfplotsc
olor.code.tex))
(/home/hakiergrzonzo/.miktex/texmfs/install/tex/generic/pgfplots/pgfplotsstacke
dplots.code.tex)
(/home/hakiergrzonzo/.miktex/texmfs/install/tex/generic/pgfplots/pgfplotsplotha
ndlers.code.tex
(/home/hakiergrzonzo/.miktex/texmfs/install/tex/generic/pgfplots/pgfplotsmeshpl
othandler.code.tex
(/home/hakiergrzonzo/.miktex/texmfs/install/tex/generic/pgfplots/pgfplotsmeshpl
otimage.code.tex)))
(/home/hakiergrzonzo/.miktex/texmfs/install/tex/generic/pgfplots/pgfplots.scali
ng.code.tex)
(/home/hakiergrzonzo/.miktex/texmfs/install/tex/generic/pgfplots/pgfplotscoordp
rocessing.code.tex)
(/home/hakiergrzonzo/.miktex/texmfs/install/tex/generic/pgfplots/pgfplots.error
bars.code.tex)
(/home/hakiergrzonzo/.miktex/texmfs/install/tex/generic/pgfplots/pgfplots.marke
rs.code.tex)
(/home/hakiergrzonzo/.miktex/texmfs/install/tex/generic/pgfplots/pgfplotsticks.
code.tex)
(/home/hakiergrzonzo/.miktex/texmfs/install/tex/generic/pgfplots/pgfplots.paths
.code.tex)
(/home/hakiergrzonzo/.miktex/texmfs/install/tex/generic/pgf/frontendlayer/tikz/
libraries/tikzlibrarydecorations.code.tex
(/home/hakiergrzonzo/.miktex/texmfs/install/tex/generic/pgf/modules/pgfmodulede
corations.code.tex
\pgfdecoratedcompleteddistance=\dimen156
\pgfdecoratedremainingdistance=\dimen157
\pgfdecoratedinputsegmentcompleteddistance=\dimen158
\pgfdecoratedinputsegmentremainingdistance=\dimen159
\pgf@decorate@distancetomove=\dimen160
\pgf@decorate@repeatstate=\count114
\pgfdecorationsegmentamplitude=\dimen161
\pgfdecorationsegmentlength=\dimen162
)
\tikz@lib@dec@box=\box38
)
(/home/hakiergrzonzo/.miktex/texmfs/install/tex/generic/pgf/frontendlayer/tikz/
libraries/tikzlibrarydecorations.pathmorphing.code.tex
(/home/hakiergrzonzo/.miktex/texmfs/install/tex/generic/pgf/libraries/decoratio
ns/pgflibrarydecorations.pathmorphing.code.tex))
(/home/hakiergrzonzo/.miktex/texmfs/install/tex/generic/pgf/frontendlayer/tikz/
libraries/tikzlibrarydecorations.pathreplacing.code.tex
(/home/hakiergrzonzo/.miktex/texmfs/install/tex/generic/pgf/libraries/decoratio
ns/pgflibrarydecorations.pathreplacing.code.tex))
\pgfplots@numplots=\count115
\pgfplots@xmin@reg=\dimen163
\pgfplots@xmax@reg=\dimen164
\pgfplots@ymin@reg=\dimen165
\pgfplots@ymax@reg=\dimen166
\pgfplots@zmin@reg=\dimen167
\pgfplots@zmax@reg=\dimen168
)
(/home/hakiergrzonzo/.miktex/texmfs/install/tex/generic/pgf/frontendlayer/tikz/
libraries/tikzlibraryplotmarks.code.tex
File: tikzlibraryplotmarks.code.tex 2019/08/03 v3.1.4b (3.1.4b)

(/home/hakiergrzonzo/.miktex/texmfs/install/tex/generic/pgf/libraries/pgflibrar
yplotmarks.code.tex
File: pgflibraryplotmarks.code.tex 2019/08/03 v3.1.4b (3.1.4b)
)))
(/home/hakiergrzonzo/.miktex/texmfs/install/tex/latex/jknappen/mathrsfs.sty
Package: mathrsfs 1996/01/01 Math RSFS package v1.0 (jk)
\symrsfs=\mathgroup4
)
(/home/hakiergrzonzo/.miktex/texmfs/install/tex/generic/pgf/frontendlayer/tikz/
libraries/tikzlibraryarrows.code.tex
File: tikzlibraryarrows.code.tex 2019/08/03 v3.1.4b (3.1.4b)

(/home/hakiergrzonzo/.miktex/texmfs/install/tex/generic/pgf/libraries/pgflibrar
yarrows.code.tex
File: pgflibraryarrows.code.tex 2019/08/03 v3.1.4b (3.1.4b)
\arrowsize=\dimen169
)) (wykresik.aux)
\openout1 = `wykresik.aux'.

LaTeX Font Info:    Checking defaults for OML/cmm/m/it on input line 7.
LaTeX Font Info:    ... okay on input line 7.
LaTeX Font Info:    Checking defaults for T1/cmr/m/n on input line 7.
LaTeX Font Info:    ... okay on input line 7.
LaTeX Font Info:    Checking defaults for OT1/cmr/m/n on input line 7.
LaTeX Font Info:    ... okay on input line 7.
LaTeX Font Info:    Checking defaults for OMS/cmsy/m/n on input line 7.
LaTeX Font Info:    ... okay on input line 7.
LaTeX Font Info:    Checking defaults for OMX/cmex/m/n on input line 7.
LaTeX Font Info:    ... okay on input line 7.
LaTeX Font Info:    Checking defaults for U/cmr/m/n on input line 7.
LaTeX Font Info:    ... okay on input line 7.
 ABD: EveryShipout initializing macros
(/home/hakiergrzonzo/.miktex/texmfs/install/tex/context/base/mkii/supp-pdf.mkii
[Loading MPS to PDF converter (version 2006.09.02).]
\scratchcounter=\count116
\scratchdimen=\dimen170
\scratchbox=\box39
\nofMPsegments=\count117
\nofMParguments=\count118
\everyMPshowfont=\toks31
\MPscratchCnt=\count119
\MPscratchDim=\dimen171
\MPnumerator=\count120
\makeMPintoPDFobject=\count121
\everyMPtoPDFconversion=\toks32
)
(/home/hakiergrzonzo/.miktex/texmfs/install/tex/latex/oberdiek/epstopdf-base.st
y
Package: epstopdf-base 2016/05/15 v2.6 Base part for package epstopdf

(/home/hakiergrzonzo/.miktex/texmfs/install/tex/generic/oberdiek/infwarerr.sty
Package: infwarerr 2016/05/16 v1.4 Providing info/warning/error messages (HO)
) (/home/hakiergrzonzo/.miktex/texmfs/install/tex/latex/oberdiek/grfext.sty
Package: grfext 2016/05/16 v1.2 Manage graphics extensions (HO)

(/home/hakiergrzonzo/.miktex/texmfs/install/tex/generic/oberdiek/kvdefinekeys.s
ty
Package: kvdefinekeys 2016/05/16 v1.4 Define keys (HO)
 (/home/hakiergrzonzo/.miktex/texmfs/install/tex/generic/oberdiek/ltxcmds.sty
Package: ltxcmds 2016/05/16 v1.23 LaTeX kernel commands for general use (HO)
)))
(/home/hakiergrzonzo/.miktex/texmfs/install/tex/latex/oberdiek/kvoptions.sty
Package: kvoptions 2016/05/16 v3.12 Key value format for package options (HO)

(/home/hakiergrzonzo/.miktex/texmfs/install/tex/generic/oberdiek/kvsetkeys.sty
Package: kvsetkeys 2016/05/16 v1.17 Key value parser (HO)

(/home/hakiergrzonzo/.miktex/texmfs/install/tex/generic/oberdiek/etexcmds.sty
Package: etexcmds 2016/05/16 v1.6 Avoid name clashes with e-TeX commands (HO)

(/home/hakiergrzonzo/.miktex/texmfs/install/tex/generic/oberdiek/ifluatex.sty
Package: ifluatex 2016/05/16 v1.4 Provides the ifluatex switch (HO)
Package ifluatex Info: LuaTeX not detected.
))))
(/home/hakiergrzonzo/.miktex/texmfs/install/tex/generic/oberdiek/pdftexcmds.sty
Package: pdftexcmds 2019/07/25 v0.30 Utility functions of pdfTeX for LuaTeX (HO
)
(/home/hakiergrzonzo/.miktex/texmfs/install/tex/generic/oberdiek/ifpdf.sty
Package: ifpdf 2018/09/07 v3.3 Provides the ifpdf switch
)
Package pdftexcmds Info: LuaTeX not detected.
Package pdftexcmds Info: \pdf@primitive is available.
Package pdftexcmds Info: \pdf@ifprimitive is available.
Package pdftexcmds Info: \pdfdraftmode found.
)
Package epstopdf-base Info: Redefining graphics rule for `.eps' on input line 4
38.
Package grfext Info: Graphics extension search list:
(grfext)             [.pdf,.png,.jpg,.mps,.jpeg,.jbig2,.jb2,.PDF,.PNG,.JPG,.JPE
G,.JBIG2,.JB2,.eps]
(grfext)             \AppendGraphicsExtensions on input line 456.
)
Package pgfplots notification 'compat/show suggested version=true': you might b
enefit from \pgfplotsset{compat=1.16} (current compat level: 1.15).

LaTeX Font Info:    External font `cmex10' loaded for size
(Font)              <7> on input line 28.
LaTeX Font Info:    External font `cmex10' loaded for size
(Font)              <5> on input line 28.
LaTeX Font Info:    Try loading font information for U+rsfs on input line 28.
(/home/hakiergrzonzo/.miktex/texmfs/install/tex/latex/jknappen/ursfs.fd
File: ursfs.fd 1998/03/24 rsfs font definition file (jk)
)

LaTeX Warning: `h' float specifier changed to `ht'.

[1

{/home/hakiergrzonzo/.miktex/texmfs/data/pdftex/config/pdftex.map}] [2]
(wykresik.aux) ) 
Here is how much of TeX's memory you used:
 22525 strings out of 494857
 603113 string characters out of 3177752
 761624 words of memory out of 3000000
 25842 multiletter control sequences out of 15000+200000
 4135 words of font info for 17 fonts, out of 3000000 for 9000
 0 hyphenation exceptions out of 8191
 69i,12n,119p,732b,2257s stack positions out of 5000i,500n,10000p,200000b,50000s
</home/hakiergrzonzo/.miktex/texmfs/install/fonts/type1/public/
amsfonts/cm/cmmi10.pfb></home/hakiergrzonzo/.miktex/texmfs/install/fonts/type1/
public/amsfonts/cm/cmr10.pfb></home/hakiergrzonzo/.miktex/texmfs/install/fonts/
type1/public/amsfonts/cm/cmsy10.pfb>
Output written on wykresik.pdf (2 pages, 31275 bytes).
PDF statistics:
 24 PDF objects out of 1000 (max. 8388607)
 0 named destinations out of 1000 (max. 500000)
 13 words of extra memory for PDF output out of 10000 (max. 10000000)

